ERROR - 2022-08-18 08:54:54 --> Error connecting to the database: No such file or directory
CRITICAL - 2022-08-18 08:54:54 --> Undefined variable $categories
#0 /home/cyprian/Projects/coderriters/DukaKuu/app/Controllers/ProductController.php(19): CodeIgniter\Debug\Exceptions->errorHandler()
#1 /home/cyprian/Projects/coderriters/DukaKuu/system/CodeIgniter.php(832): App\Controllers\ProductController->getCategories()
#2 /home/cyprian/Projects/coderriters/DukaKuu/system/CodeIgniter.php(419): CodeIgniter\CodeIgniter->runController()
#3 /home/cyprian/Projects/coderriters/DukaKuu/system/CodeIgniter.php(326): CodeIgniter\CodeIgniter->handleRequest()
#4 /home/cyprian/Projects/coderriters/DukaKuu/public/index.php(37): CodeIgniter\CodeIgniter->run()
#5 /home/cyprian/Projects/coderriters/DukaKuu/system/Commands/Server/rewrite.php(43): require_once('...')
#6 {main}
ERROR - 2022-08-18 08:55:09 --> Error connecting to the database: No such file or directory
CRITICAL - 2022-08-18 08:55:09 --> Undefined variable $categories
#0 /home/cyprian/Projects/coderriters/DukaKuu/app/Controllers/ProductController.php(19): CodeIgniter\Debug\Exceptions->errorHandler()
#1 /home/cyprian/Projects/coderriters/DukaKuu/system/CodeIgniter.php(832): App\Controllers\ProductController->getCategories()
#2 /home/cyprian/Projects/coderriters/DukaKuu/system/CodeIgniter.php(419): CodeIgniter\CodeIgniter->runController()
#3 /home/cyprian/Projects/coderriters/DukaKuu/system/CodeIgniter.php(326): CodeIgniter\CodeIgniter->handleRequest()
#4 /home/cyprian/Projects/coderriters/DukaKuu/public/index.php(37): CodeIgniter\CodeIgniter->run()
#5 /home/cyprian/Projects/coderriters/DukaKuu/system/Commands/Server/rewrite.php(43): require_once('...')
#6 {main}
ERROR - 2022-08-18 08:57:33 --> Error connecting to the database: No such file or directory
CRITICAL - 2022-08-18 08:57:33 --> Undefined variable $categories
#0 /home/cyprian/Projects/coderriters/DukaKuu/app/Controllers/ProductController.php(19): CodeIgniter\Debug\Exceptions->errorHandler()
#1 /home/cyprian/Projects/coderriters/DukaKuu/system/CodeIgniter.php(832): App\Controllers\ProductController->getCategories()
#2 /home/cyprian/Projects/coderriters/DukaKuu/system/CodeIgniter.php(419): CodeIgniter\CodeIgniter->runController()
#3 /home/cyprian/Projects/coderriters/DukaKuu/system/CodeIgniter.php(326): CodeIgniter\CodeIgniter->handleRequest()
#4 /home/cyprian/Projects/coderriters/DukaKuu/public/index.php(37): CodeIgniter\CodeIgniter->run()
#5 /home/cyprian/Projects/coderriters/DukaKuu/system/Commands/Server/rewrite.php(43): require_once('...')
#6 {main}
ERROR - 2022-08-18 08:59:01 --> Error connecting to the database: No such file or directory
CRITICAL - 2022-08-18 08:59:01 --> Undefined variable $categories
#0 /home/cyprian/Projects/coderriters/DukaKuu/app/Controllers/ProductController.php(19): CodeIgniter\Debug\Exceptions->errorHandler()
#1 /home/cyprian/Projects/coderriters/DukaKuu/system/CodeIgniter.php(832): App\Controllers\ProductController->getCategories()
#2 /home/cyprian/Projects/coderriters/DukaKuu/system/CodeIgniter.php(419): CodeIgniter\CodeIgniter->runController()
#3 /home/cyprian/Projects/coderriters/DukaKuu/system/CodeIgniter.php(326): CodeIgniter\CodeIgniter->handleRequest()
#4 /home/cyprian/Projects/coderriters/DukaKuu/public/index.php(37): CodeIgniter\CodeIgniter->run()
#5 /home/cyprian/Projects/coderriters/DukaKuu/system/Commands/Server/rewrite.php(43): require_once('...')
#6 {main}
