ERROR - 2022-08-09 12:57:18 --> Error connecting to the database: No such file or directory
CRITICAL - 2022-08-09 12:57:18 --> Unable to connect to the database.
Main connection [MySQLi]: No such file or directory
#0 /home/cyprian/Projects/coderriters/DukaKuu/system/Database/BaseConnection.php(577): CodeIgniter\Database\BaseConnection->initialize()
#1 /home/cyprian/Projects/coderriters/DukaKuu/system/Database/BaseBuilder.php(1455): CodeIgniter\Database\BaseConnection->query()
#2 /home/cyprian/Projects/coderriters/DukaKuu/system/Validation/Rules.php(142): CodeIgniter\Database\BaseBuilder->get()
#3 /home/cyprian/Projects/coderriters/DukaKuu/system/Validation/Validation.php(292): CodeIgniter\Validation\Rules->is_unique()
#4 /home/cyprian/Projects/coderriters/DukaKuu/system/Validation/Validation.php(157): CodeIgniter\Validation\Validation->processRules()
#5 /home/cyprian/Projects/coderriters/DukaKuu/system/Controller.php(160): CodeIgniter\Validation\Validation->run()
#6 /home/cyprian/Projects/coderriters/DukaKuu/app/Controllers/CustomerController.php(19): CodeIgniter\Controller->validate()
#7 /home/cyprian/Projects/coderriters/DukaKuu/system/CodeIgniter.php(832): App\Controllers\CustomerController->register()
#8 /home/cyprian/Projects/coderriters/DukaKuu/system/CodeIgniter.php(419): CodeIgniter\CodeIgniter->runController()
#9 /home/cyprian/Projects/coderriters/DukaKuu/system/CodeIgniter.php(326): CodeIgniter\CodeIgniter->handleRequest()
#10 /home/cyprian/Projects/coderriters/DukaKuu/public/index.php(37): CodeIgniter\CodeIgniter->run()
#11 /home/cyprian/Projects/coderriters/DukaKuu/system/Commands/Server/rewrite.php(43): require_once('...')
#12 {main}
ERROR - 2022-08-09 12:57:20 --> Error connecting to the database: No such file or directory
CRITICAL - 2022-08-09 12:57:20 --> Unable to connect to the database.
Main connection [MySQLi]: No such file or directory
#0 /home/cyprian/Projects/coderriters/DukaKuu/system/Database/BaseConnection.php(577): CodeIgniter\Database\BaseConnection->initialize()
#1 /home/cyprian/Projects/coderriters/DukaKuu/system/Database/BaseBuilder.php(1455): CodeIgniter\Database\BaseConnection->query()
#2 /home/cyprian/Projects/coderriters/DukaKuu/system/Validation/Rules.php(142): CodeIgniter\Database\BaseBuilder->get()
#3 /home/cyprian/Projects/coderriters/DukaKuu/system/Validation/Validation.php(292): CodeIgniter\Validation\Rules->is_unique()
#4 /home/cyprian/Projects/coderriters/DukaKuu/system/Validation/Validation.php(157): CodeIgniter\Validation\Validation->processRules()
#5 /home/cyprian/Projects/coderriters/DukaKuu/system/Controller.php(160): CodeIgniter\Validation\Validation->run()
#6 /home/cyprian/Projects/coderriters/DukaKuu/app/Controllers/CustomerController.php(19): CodeIgniter\Controller->validate()
#7 /home/cyprian/Projects/coderriters/DukaKuu/system/CodeIgniter.php(832): App\Controllers\CustomerController->register()
#8 /home/cyprian/Projects/coderriters/DukaKuu/system/CodeIgniter.php(419): CodeIgniter\CodeIgniter->runController()
#9 /home/cyprian/Projects/coderriters/DukaKuu/system/CodeIgniter.php(326): CodeIgniter\CodeIgniter->handleRequest()
#10 /home/cyprian/Projects/coderriters/DukaKuu/public/index.php(37): CodeIgniter\CodeIgniter->run()
#11 /home/cyprian/Projects/coderriters/DukaKuu/system/Commands/Server/rewrite.php(43): require_once('...')
#12 {main}
ERROR - 2022-08-09 12:57:22 --> Error connecting to the database: No such file or directory
CRITICAL - 2022-08-09 12:57:22 --> Unable to connect to the database.
Main connection [MySQLi]: No such file or directory
#0 /home/cyprian/Projects/coderriters/DukaKuu/system/Database/BaseConnection.php(577): CodeIgniter\Database\BaseConnection->initialize()
#1 /home/cyprian/Projects/coderriters/DukaKuu/system/Database/BaseBuilder.php(1455): CodeIgniter\Database\BaseConnection->query()
#2 /home/cyprian/Projects/coderriters/DukaKuu/system/Validation/Rules.php(142): CodeIgniter\Database\BaseBuilder->get()
#3 /home/cyprian/Projects/coderriters/DukaKuu/system/Validation/Validation.php(292): CodeIgniter\Validation\Rules->is_unique()
#4 /home/cyprian/Projects/coderriters/DukaKuu/system/Validation/Validation.php(157): CodeIgniter\Validation\Validation->processRules()
#5 /home/cyprian/Projects/coderriters/DukaKuu/system/Controller.php(160): CodeIgniter\Validation\Validation->run()
#6 /home/cyprian/Projects/coderriters/DukaKuu/app/Controllers/CustomerController.php(19): CodeIgniter\Controller->validate()
#7 /home/cyprian/Projects/coderriters/DukaKuu/system/CodeIgniter.php(832): App\Controllers\CustomerController->register()
#8 /home/cyprian/Projects/coderriters/DukaKuu/system/CodeIgniter.php(419): CodeIgniter\CodeIgniter->runController()
#9 /home/cyprian/Projects/coderriters/DukaKuu/system/CodeIgniter.php(326): CodeIgniter\CodeIgniter->handleRequest()
#10 /home/cyprian/Projects/coderriters/DukaKuu/public/index.php(37): CodeIgniter\CodeIgniter->run()
#11 /home/cyprian/Projects/coderriters/DukaKuu/system/Commands/Server/rewrite.php(43): require_once('...')
#12 {main}
ERROR - 2022-08-09 12:57:23 --> Error connecting to the database: No such file or directory
CRITICAL - 2022-08-09 12:57:23 --> Unable to connect to the database.
Main connection [MySQLi]: No such file or directory
#0 /home/cyprian/Projects/coderriters/DukaKuu/system/Database/BaseConnection.php(577): CodeIgniter\Database\BaseConnection->initialize()
#1 /home/cyprian/Projects/coderriters/DukaKuu/system/Database/BaseBuilder.php(1455): CodeIgniter\Database\BaseConnection->query()
#2 /home/cyprian/Projects/coderriters/DukaKuu/system/Validation/Rules.php(142): CodeIgniter\Database\BaseBuilder->get()
#3 /home/cyprian/Projects/coderriters/DukaKuu/system/Validation/Validation.php(292): CodeIgniter\Validation\Rules->is_unique()
#4 /home/cyprian/Projects/coderriters/DukaKuu/system/Validation/Validation.php(157): CodeIgniter\Validation\Validation->processRules()
#5 /home/cyprian/Projects/coderriters/DukaKuu/system/Controller.php(160): CodeIgniter\Validation\Validation->run()
#6 /home/cyprian/Projects/coderriters/DukaKuu/app/Controllers/CustomerController.php(19): CodeIgniter\Controller->validate()
#7 /home/cyprian/Projects/coderriters/DukaKuu/system/CodeIgniter.php(832): App\Controllers\CustomerController->register()
#8 /home/cyprian/Projects/coderriters/DukaKuu/system/CodeIgniter.php(419): CodeIgniter\CodeIgniter->runController()
#9 /home/cyprian/Projects/coderriters/DukaKuu/system/CodeIgniter.php(326): CodeIgniter\CodeIgniter->handleRequest()
#10 /home/cyprian/Projects/coderriters/DukaKuu/public/index.php(37): CodeIgniter\CodeIgniter->run()
#11 /home/cyprian/Projects/coderriters/DukaKuu/system/Commands/Server/rewrite.php(43): require_once('...')
#12 {main}
ERROR - 2022-08-09 12:57:55 --> Error connecting to the database: No such file or directory
CRITICAL - 2022-08-09 12:57:55 --> Unable to connect to the database.
Main connection [MySQLi]: No such file or directory
#0 /home/cyprian/Projects/coderriters/DukaKuu/system/Database/BaseConnection.php(577): CodeIgniter\Database\BaseConnection->initialize()
#1 /home/cyprian/Projects/coderriters/DukaKuu/system/Database/BaseBuilder.php(1455): CodeIgniter\Database\BaseConnection->query()
#2 /home/cyprian/Projects/coderriters/DukaKuu/system/Validation/Rules.php(142): CodeIgniter\Database\BaseBuilder->get()
#3 /home/cyprian/Projects/coderriters/DukaKuu/system/Validation/Validation.php(292): CodeIgniter\Validation\Rules->is_unique()
#4 /home/cyprian/Projects/coderriters/DukaKuu/system/Validation/Validation.php(157): CodeIgniter\Validation\Validation->processRules()
#5 /home/cyprian/Projects/coderriters/DukaKuu/system/Controller.php(160): CodeIgniter\Validation\Validation->run()
#6 /home/cyprian/Projects/coderriters/DukaKuu/app/Controllers/CustomerController.php(19): CodeIgniter\Controller->validate()
#7 /home/cyprian/Projects/coderriters/DukaKuu/system/CodeIgniter.php(832): App\Controllers\CustomerController->register()
#8 /home/cyprian/Projects/coderriters/DukaKuu/system/CodeIgniter.php(419): CodeIgniter\CodeIgniter->runController()
#9 /home/cyprian/Projects/coderriters/DukaKuu/system/CodeIgniter.php(326): CodeIgniter\CodeIgniter->handleRequest()
#10 /home/cyprian/Projects/coderriters/DukaKuu/public/index.php(37): CodeIgniter\CodeIgniter->run()
#11 /home/cyprian/Projects/coderriters/DukaKuu/system/Commands/Server/rewrite.php(43): require_once('...')
#12 {main}
ERROR - 2022-08-09 12:58:46 --> Error connecting to the database: No such file or directory
CRITICAL - 2022-08-09 12:58:46 --> Unable to connect to the database.
Main connection [MySQLi]: No such file or directory
#0 /home/cyprian/Projects/coderriters/DukaKuu/system/Database/BaseConnection.php(577): CodeIgniter\Database\BaseConnection->initialize()
#1 /home/cyprian/Projects/coderriters/DukaKuu/system/Database/BaseBuilder.php(1455): CodeIgniter\Database\BaseConnection->query()
#2 /home/cyprian/Projects/coderriters/DukaKuu/system/Validation/Rules.php(142): CodeIgniter\Database\BaseBuilder->get()
#3 /home/cyprian/Projects/coderriters/DukaKuu/system/Validation/Validation.php(292): CodeIgniter\Validation\Rules->is_unique()
#4 /home/cyprian/Projects/coderriters/DukaKuu/system/Validation/Validation.php(157): CodeIgniter\Validation\Validation->processRules()
#5 /home/cyprian/Projects/coderriters/DukaKuu/system/Controller.php(160): CodeIgniter\Validation\Validation->run()
#6 /home/cyprian/Projects/coderriters/DukaKuu/app/Controllers/CustomerController.php(19): CodeIgniter\Controller->validate()
#7 /home/cyprian/Projects/coderriters/DukaKuu/system/CodeIgniter.php(832): App\Controllers\CustomerController->register()
#8 /home/cyprian/Projects/coderriters/DukaKuu/system/CodeIgniter.php(419): CodeIgniter\CodeIgniter->runController()
#9 /home/cyprian/Projects/coderriters/DukaKuu/system/CodeIgniter.php(326): CodeIgniter\CodeIgniter->handleRequest()
#10 /home/cyprian/Projects/coderriters/DukaKuu/public/index.php(37): CodeIgniter\CodeIgniter->run()
#11 /home/cyprian/Projects/coderriters/DukaKuu/system/Commands/Server/rewrite.php(43): require_once('...')
#12 {main}
ERROR - 2022-08-09 13:01:08 --> Error connecting to the database: No such file or directory
CRITICAL - 2022-08-09 13:01:08 --> Unable to connect to the database.
Main connection [MySQLi]: No such file or directory
#0 /home/cyprian/Projects/coderriters/DukaKuu/system/Database/BaseConnection.php(577): CodeIgniter\Database\BaseConnection->initialize()
#1 /home/cyprian/Projects/coderriters/DukaKuu/system/Database/BaseBuilder.php(1455): CodeIgniter\Database\BaseConnection->query()
#2 /home/cyprian/Projects/coderriters/DukaKuu/system/Validation/Rules.php(142): CodeIgniter\Database\BaseBuilder->get()
#3 /home/cyprian/Projects/coderriters/DukaKuu/system/Validation/Validation.php(292): CodeIgniter\Validation\Rules->is_unique()
#4 /home/cyprian/Projects/coderriters/DukaKuu/system/Validation/Validation.php(157): CodeIgniter\Validation\Validation->processRules()
#5 /home/cyprian/Projects/coderriters/DukaKuu/system/Controller.php(160): CodeIgniter\Validation\Validation->run()
#6 /home/cyprian/Projects/coderriters/DukaKuu/app/Controllers/CustomerController.php(19): CodeIgniter\Controller->validate()
#7 /home/cyprian/Projects/coderriters/DukaKuu/system/CodeIgniter.php(832): App\Controllers\CustomerController->register()
#8 /home/cyprian/Projects/coderriters/DukaKuu/system/CodeIgniter.php(419): CodeIgniter\CodeIgniter->runController()
#9 /home/cyprian/Projects/coderriters/DukaKuu/system/CodeIgniter.php(326): CodeIgniter\CodeIgniter->handleRequest()
#10 /home/cyprian/Projects/coderriters/DukaKuu/public/index.php(37): CodeIgniter\CodeIgniter->run()
#11 /home/cyprian/Projects/coderriters/DukaKuu/system/Commands/Server/rewrite.php(43): require_once('...')
#12 {main}
ERROR - 2022-08-09 13:04:06 --> Error connecting to the database: No such file or directory
CRITICAL - 2022-08-09 13:04:06 --> Unable to connect to the database.
Main connection [MySQLi]: No such file or directory
#0 /home/cyprian/Projects/coderriters/DukaKuu/system/Database/BaseConnection.php(577): CodeIgniter\Database\BaseConnection->initialize()
#1 /home/cyprian/Projects/coderriters/DukaKuu/system/Database/BaseBuilder.php(1455): CodeIgniter\Database\BaseConnection->query()
#2 /home/cyprian/Projects/coderriters/DukaKuu/system/Validation/Rules.php(142): CodeIgniter\Database\BaseBuilder->get()
#3 /home/cyprian/Projects/coderriters/DukaKuu/system/Validation/Validation.php(292): CodeIgniter\Validation\Rules->is_unique()
#4 /home/cyprian/Projects/coderriters/DukaKuu/system/Validation/Validation.php(157): CodeIgniter\Validation\Validation->processRules()
#5 /home/cyprian/Projects/coderriters/DukaKuu/system/Controller.php(160): CodeIgniter\Validation\Validation->run()
#6 /home/cyprian/Projects/coderriters/DukaKuu/app/Controllers/CustomerController.php(19): CodeIgniter\Controller->validate()
#7 /home/cyprian/Projects/coderriters/DukaKuu/system/CodeIgniter.php(832): App\Controllers\CustomerController->register()
#8 /home/cyprian/Projects/coderriters/DukaKuu/system/CodeIgniter.php(419): CodeIgniter\CodeIgniter->runController()
#9 /home/cyprian/Projects/coderriters/DukaKuu/system/CodeIgniter.php(326): CodeIgniter\CodeIgniter->handleRequest()
#10 /home/cyprian/Projects/coderriters/DukaKuu/public/index.php(37): CodeIgniter\CodeIgniter->run()
#11 /home/cyprian/Projects/coderriters/DukaKuu/system/Commands/Server/rewrite.php(43): require_once('...')
#12 {main}
ERROR - 2022-08-09 13:05:13 --> Error connecting to the database: No such file or directory
CRITICAL - 2022-08-09 13:05:13 --> Unable to connect to the database.
Main connection [MySQLi]: No such file or directory
#0 /home/cyprian/Projects/coderriters/DukaKuu/system/Database/BaseConnection.php(577): CodeIgniter\Database\BaseConnection->initialize()
#1 /home/cyprian/Projects/coderriters/DukaKuu/system/Database/BaseBuilder.php(1455): CodeIgniter\Database\BaseConnection->query()
#2 /home/cyprian/Projects/coderriters/DukaKuu/system/Validation/Rules.php(142): CodeIgniter\Database\BaseBuilder->get()
#3 /home/cyprian/Projects/coderriters/DukaKuu/system/Validation/Validation.php(292): CodeIgniter\Validation\Rules->is_unique()
#4 /home/cyprian/Projects/coderriters/DukaKuu/system/Validation/Validation.php(157): CodeIgniter\Validation\Validation->processRules()
#5 /home/cyprian/Projects/coderriters/DukaKuu/system/Controller.php(160): CodeIgniter\Validation\Validation->run()
#6 /home/cyprian/Projects/coderriters/DukaKuu/app/Controllers/CustomerController.php(19): CodeIgniter\Controller->validate()
#7 /home/cyprian/Projects/coderriters/DukaKuu/system/CodeIgniter.php(832): App\Controllers\CustomerController->register()
#8 /home/cyprian/Projects/coderriters/DukaKuu/system/CodeIgniter.php(419): CodeIgniter\CodeIgniter->runController()
#9 /home/cyprian/Projects/coderriters/DukaKuu/system/CodeIgniter.php(326): CodeIgniter\CodeIgniter->handleRequest()
#10 /home/cyprian/Projects/coderriters/DukaKuu/public/index.php(37): CodeIgniter\CodeIgniter->run()
#11 /home/cyprian/Projects/coderriters/DukaKuu/system/Commands/Server/rewrite.php(43): require_once('...')
#12 {main}
